(node:35456) DeprecationWarning: Calling client.query() when the client is already executing a query is deprecated and will be removed in pg@9.0. Use async/await or an external async flow control mechanism instead.
(Use `node --trace-deprecation ...` to show where the warning was created)
[31m[Nest] 35456  - [39m29/06/2026, 8:51:11 p.m. [31m  ERROR[39m [38;5;3m[NestApplication] [39m[31mError: listen EADDRINUSE: address already in use :::3000[39m[38;5;3m +1ms[39m
node:net:2008
    const ex = new UVExceptionWithHostPort(err, 'listen', address, port);
               ^

Error: listen EADDRINUSE: address already in use :::3000
    at Server.setupListenHandle [as _listen2] (node:net:2008:16)
    at listenInCluster (node:net:2065:12)
    at Server.listen (node:net:2170:7)
    at ExpressAdapter.listen (D:\Proyects\horarios-academicos-unt\backend\node_modules\@nestjs\platform-express\adapters\express-adapter.js:95:32)
    at D:\Proyects\horarios-academicos-unt\backend\node_modules\@nestjs\core\nest-application.js:183:30
    at new Promise (<anonymous>)
    at NestApplication.listen (D:\Proyects\horarios-academicos-unt\backend\node_modules\@nestjs\core\nest-application.js:173:16)
    at process.processTicksAndRejections (node:internal/process/task_queues:104:5)
    at async bootstrap (D:\Proyects\horarios-academicos-unt\backend\dist\src\main.js:102:5) {
  code: 'EADDRINUSE',
  errno: -4091,
  syscall: 'listen',
  address: '::',
  port: 3000
}

Node.js v24.15.0
